  main.cpp
d:\codehub\3d_engine\3d_engine_try7\3d_engine_try7\main.cpp(254): warning C4244: “参数”: 从“double”转换到“float”，可能丢失数据
d:\codehub\3d_engine\3d_engine_try7\3d_engine_try7\main.cpp(254): warning C4305: “参数”: 从“double”到“float”截断
d:\codehub\3d_engine\3d_engine_try7\3d_engine_try7\main.cpp(278): warning C4244: “初始化”: 从“double”转换到“float”，可能丢失数据
d:\codehub\3d_engine\3d_engine_try7\3d_engine_try7\main.cpp(334): warning C4244: “初始化”: 从“const double”转换到“float”，可能丢失数据
d:\codehub\3d_engine\3d_engine_try7\3d_engine_try7\main.cpp(462): warning C4244: “初始化”: 从“const double”转换到“int”，可能丢失数据
d:\codehub\3d_engine\3d_engine_try7\3d_engine_try7\main.cpp(511): warning C4244: “初始化”: 从“double”转换到“int”，可能丢失数据
d:\codehub\3d_engine\3d_engine_try7\3d_engine_try7\main.cpp(514): warning C4244: “=”: 从“double”转换到“int”，可能丢失数据
d:\codehub\3d_engine\3d_engine_try7\3d_engine_try7\main.cpp(515): warning C4244: “=”: 从“double”转换到“int”，可能丢失数据
d:\codehub\3d_engine\3d_engine_try7\3d_engine_try7\main.cpp(541): warning C4244: “初始化”: 从“double”转换到“int”，可能丢失数据
d:\codehub\3d_engine\3d_engine_try7\3d_engine_try7\main.cpp(544): warning C4244: “=”: 从“double”转换到“int”，可能丢失数据
d:\codehub\3d_engine\3d_engine_try7\3d_engine_try7\main.cpp(545): warning C4244: “=”: 从“double”转换到“int”，可能丢失数据
d:\codehub\3d_engine\3d_engine_try7\3d_engine_try7\main.cpp(568): warning C4244: “初始化”: 从“double”转换到“int”，可能丢失数据
d:\codehub\3d_engine\3d_engine_try7\3d_engine_try7\main.cpp(571): warning C4244: “=”: 从“double”转换到“int”，可能丢失数据
d:\codehub\3d_engine\3d_engine_try7\3d_engine_try7\main.cpp(572): warning C4244: “=”: 从“double”转换到“int”，可能丢失数据
d:\codehub\3d_engine\3d_engine_try7\3d_engine_try7\main.cpp(592): warning C4244: “初始化”: 从“double”转换到“int”，可能丢失数据
d:\codehub\3d_engine\3d_engine_try7\3d_engine_try7\main.cpp(595): warning C4244: “=”: 从“double”转换到“int”，可能丢失数据
d:\codehub\3d_engine\3d_engine_try7\3d_engine_try7\main.cpp(596): warning C4244: “=”: 从“double”转换到“int”，可能丢失数据
d:\codehub\3d_engine\3d_engine_try7\3d_engine_try7\main.cpp(641): warning C4390: “;”: 找到空的受控语句；这是否是有意的?
d:\codehub\3d_engine\3d_engine_try7\3d_engine_try7\main.cpp(643): warning C4390: “;”: 找到空的受控语句；这是否是有意的?
d:\codehub\3d_engine\3d_engine_try7\3d_engine_try7\main.cpp(761): warning C4244: “参数”: 从“time_t”转换到“unsigned int”，可能丢失数据
  正在生成代码
  8 of 49 functions (16.3%) were compiled, the rest were copied from previous compilation.
    0 functions were new in current compilation
    4 functions had inline decision re-evaluated but remain unchanged
  已完成代码的生成
  3D_Engine_try7.vcxproj -> D:\codehub\3D_Engine\3D_Engine_try7\Release\3D_Engine_try7.exe
